<?xml version="1.0" encoding="UTF-8"?>
<TestRun id="77b9e00a-c35a-46f8-9163-5db1e07bb90a" name="Marcos Dósea@SONY-VAIO 2013-08-22 10:57:48" runUser="SONY-VAIO\Marcos Dósea" xmlns="http://microsoft.com/schemas/VisualStudio/TeamTest/2010">
  <TestSettings name="Default Test Settings" id="62b2fdc8-f09c-47e3-8008-5b1800b69d96">
    <Deployment runDeploymentRoot="Marcos Dósea_SONY-VAIO 2013-08-22 10_57_48">
      <DeploymentItem filename="D:\virtualpatient\trunk\Codigo\PacienteVirtual\PacienteVirtual\bin\PacienteVirtual.dll" />
    </Deployment>
    <Execution>
      <TestTypeSpecific />
      <AgentRule name="Execution Agents">
      </AgentRule>
    </Execution>
  </TestSettings>
  <Times creation="2013-08-22T10:57:48.3609015-03:00" queuing="2013-08-22T10:57:52.0781141-03:00" start="2013-08-22T10:57:52.1371175-03:00" finish="2013-08-22T10:57:54.2052358-03:00" />
  <ResultSummary outcome="Completed">
    <Counters total="2" executed="2" passed="2" error="0" failed="0" timeout="0" aborted="0" inconclusive="0" passedButRunAborted="0" notRunnable="0" notExecuted="0" disconnected="0" warning="0" completed="0" inProgress="0" pending="0" />
  </ResultSummary>
  <TestDefinitions>
    <UnitTest name="About" storage="d:\virtualpatient\trunk\codigo\pacientevirtual\pacientevirtual.tests\bin\release\pacientevirtual.tests.dll" id="a78c22cf-0469-7810-bc17-f7279b0a12e1">
      <Execution id="0cf69bf7-8236-4210-8bbe-e9b9f4e97aaf" />
      <TestMethod codeBase="D:/virtualpatient/trunk/Codigo/PacienteVirtual/PacienteVirtual.Tests/bin/Release/PacienteVirtual.Tests.DLL" adapterTypeName="Microsoft.VisualStudio.TestTools.TestTypes.Unit.UnitTestAdapter, Microsoft.VisualStudio.QualityTools.Tips.UnitTest.Adapter, Version=10.0.0.0, Culture=neutral, PublicKeyToken=b03f5f7f11d50a3a" className="PacienteVirtual.Tests.Controllers.HomeControllerTest, PacienteVirtual.Tests, Version=1.0.0.0, Culture=neutral, PublicKeyToken=null" name="About" />
    </UnitTest>
    <UnitTest name="Index" storage="d:\virtualpatient\trunk\codigo\pacientevirtual\pacientevirtual.tests\bin\release\pacientevirtual.tests.dll" id="1d311554-5af1-43ff-3772-537e9ce0a1f8">
      <Execution id="70ebd25d-e7a1-4cdb-87ca-1d9738fe40e7" />
      <TestMethod codeBase="D:/virtualpatient/trunk/Codigo/PacienteVirtual/PacienteVirtual.Tests/bin/Release/PacienteVirtual.Tests.DLL" adapterTypeName="Microsoft.VisualStudio.TestTools.TestTypes.Unit.UnitTestAdapter, Microsoft.VisualStudio.QualityTools.Tips.UnitTest.Adapter, Version=10.0.0.0, Culture=neutral, PublicKeyToken=b03f5f7f11d50a3a" className="PacienteVirtual.Tests.Controllers.HomeControllerTest, PacienteVirtual.Tests, Version=1.0.0.0, Culture=neutral, PublicKeyToken=null" name="Index" />
    </UnitTest>
  </TestDefinitions>
  <TestLists>
    <TestList name="Results Not in a List" id="8c84fa94-04c1-424b-9868-57a2d4851a1d" />
    <TestList name="All Loaded Results" id="19431567-8539-422a-85d7-44ee4e166bda" />
  </TestLists>
  <TestEntries>
    <TestEntry testId="1d311554-5af1-43ff-3772-537e9ce0a1f8" executionId="70ebd25d-e7a1-4cdb-87ca-1d9738fe40e7" testListId="8c84fa94-04c1-424b-9868-57a2d4851a1d" />
    <TestEntry testId="a78c22cf-0469-7810-bc17-f7279b0a12e1" executionId="0cf69bf7-8236-4210-8bbe-e9b9f4e97aaf" testListId="8c84fa94-04c1-424b-9868-57a2d4851a1d" />
  </TestEntries>
  <Results>
    <UnitTestResult executionId="70ebd25d-e7a1-4cdb-87ca-1d9738fe40e7" testId="1d311554-5af1-43ff-3772-537e9ce0a1f8" testName="Index" computerName="SONY-VAIO" duration="00:00:00.8598147" startTime="2013-08-22T10:57:52.3141276-03:00" endTime="2013-08-22T10:57:54.0992297-03:00" testType="13cdc9d9-ddb5-4fa4-a97d-d965ccfc6d4b" outcome="Passed" testListId="8c84fa94-04c1-424b-9868-57a2d4851a1d" relativeResultsDirectory="70ebd25d-e7a1-4cdb-87ca-1d9738fe40e7">
    </UnitTestResult>
    <UnitTestResult executionId="0cf69bf7-8236-4210-8bbe-e9b9f4e97aaf" testId="a78c22cf-0469-7810-bc17-f7279b0a12e1" testName="About" computerName="SONY-VAIO" duration="00:00:00.0002843" startTime="2013-08-22T10:57:54.1112304-03:00" endTime="2013-08-22T10:57:54.1172307-03:00" testType="13cdc9d9-ddb5-4fa4-a97d-d965ccfc6d4b" outcome="Passed" testListId="8c84fa94-04c1-424b-9868-57a2d4851a1d" relativeResultsDirectory="0cf69bf7-8236-4210-8bbe-e9b9f4e97aaf">
    </UnitTestResult>
  </Results>
</TestRun>